<?xml version="1.0" encoding="UTF-8"?>
<!-- Generated by org.testng.reporters.JUnitReportReporter -->
<testsuite skipped="0" hostname="LAPTOP-T03VUTLP" name="com.swaglab.script.Testclass" tests="2" failures="0" timestamp="2022-01-31T22:03:29 IST" time="1.624" errors="0">
  <testcase name="verifyValidLogin" time="1.201" classname="com.swaglab.script.Testclass"/>
  <system-out/>
  <testcase name="verifyValidLogin" time="0.423" classname="com.swaglab.script.Testclass"/>
  <system-out/>
</testsuite> <!-- com.swaglab.script.Testclass -->
